TN:
SF:eslint.config.js
FN:1,(empty-report)
FNF:1
FNH:0
FNDA:0,(empty-report)
DA:1,0
DA:2,0
DA:3,0
DA:4,0
DA:5,0
DA:7,0
DA:8,0
DA:9,0
DA:10,0
DA:11,0
DA:12,0
DA:13,0
DA:14,0
DA:15,0
DA:16,0
DA:17,0
DA:18,0
DA:19,0
DA:20,0
DA:21,0
DA:22,0
DA:23,0
DA:24,0
DA:25,0
DA:26,0
DA:27,0
DA:28,0
LF:27
LH:0
BRDA:1,0,0,0
BRF:1
BRH:0
end_of_record
TN:
SF:src/App.tsx
FN:9,App
FN:13,handleFeed
FN:26,handlePlay
FN:39,handleRest
FNF:4
FNH:4
FNDA:14,App
FNDA:1,handleFeed
FNDA:1,handlePlay
FNDA:1,handleRest
DA:1,1
DA:3,1
DA:4,1
DA:5,1
DA:6,1
DA:7,1
DA:9,14
DA:10,14
DA:13,14
DA:14,1
DA:15,1
DA:16,1
DA:17,1
DA:18,1
DA:19,1
DA:20,1
DA:21,1
DA:22,1
DA:23,1
DA:24,1
DA:26,14
DA:27,1
DA:28,1
DA:29,1
DA:30,1
DA:31,1
DA:32,1
DA:33,1
DA:34,1
DA:35,1
DA:36,1
DA:37,1
DA:39,14
DA:40,1
DA:41,1
DA:42,1
DA:43,1
DA:44,1
DA:45,1
DA:46,1
DA:47,1
DA:48,1
DA:49,1
DA:50,1
DA:53,14
DA:54,14
DA:55,14
DA:57,14
DA:58,0
DA:59,0
DA:61,14
DA:62,14
DA:64,14
DA:65,3
DA:66,3
DA:67,14
DA:69,14
DA:70,14
DA:71,14
DA:72,14
DA:73,14
DA:74,14
DA:76,14
DA:77,14
DA:78,14
DA:79,14
DA:80,14
DA:81,14
DA:82,14
DA:83,14
DA:84,14
DA:85,14
DA:87,14
DA:89,1
LF:74
LH:72
BRDA:9,0,0,14
BRDA:13,1,0,1
BRDA:14,2,0,1
BRDA:26,3,0,1
BRDA:27,4,0,1
BRDA:39,5,0,1
BRDA:40,6,0,1
BRDA:53,7,0,14
BRDA:57,8,0,0
BRDA:61,9,0,0
BRDA:62,10,0,4
BRDA:62,11,0,2
BRDA:64,12,0,3
BRDA:65,13,0,3
BRF:14
BRH:12
end_of_record
TN:
SF:src/main.tsx
FN:1,(empty-report)
FNF:1
FNH:0
FNDA:0,(empty-report)
DA:1,0
DA:2,0
DA:3,0
DA:4,0
DA:6,0
DA:7,0
DA:8,0
DA:9,0
DA:10,0
LF:9
LH:0
BRDA:1,0,0,0
BRF:1
BRH:0
end_of_record
TN:
SF:src/vite-env.d.ts
FN:1,(empty-report)
FNF:1
FNH:1
FNDA:1,(empty-report)
LF:0
LH:0
BRDA:1,0,0,1
BRF:1
BRH:1
end_of_record
TN:
SF:src/components/ActionButtons.tsx
FN:11,ActionButtons
FNF:1
FNH:1
FNDA:26,ActionButtons
DA:1,1
DA:2,1
DA:11,1
DA:12,26
DA:13,26
DA:14,26
DA:15,26
DA:16,26
DA:17,26
DA:18,26
DA:19,26
DA:20,26
DA:21,26
DA:22,26
DA:23,26
DA:24,26
DA:25,26
DA:26,26
DA:27,26
DA:28,26
DA:29,26
DA:30,26
DA:31,26
DA:32,26
DA:33,26
DA:34,26
DA:35,26
DA:36,26
DA:37,26
DA:39,26
DA:40,26
DA:41,26
DA:42,26
DA:43,26
DA:44,78
DA:45,78
DA:46,78
DA:47,78
DA:48,78
DA:49,78
DA:50,78
DA:52,78
DA:53,78
DA:54,78
DA:55,26
DA:56,26
DA:57,26
DA:59,26
DA:61,1
LF:49
LH:49
BRDA:11,0,0,26
BRDA:43,1,0,78
BRF:2
BRH:2
end_of_record
TN:
SF:src/components/PetDisplay.tsx
FN:9,PetDisplay
FN:10,getExpressionEmoji
FN:20,getPetBodyColor
FNF:3
FNH:3
FNDA:25,PetDisplay
FNDA:25,getExpressionEmoji
FNDA:25,getPetBodyColor
DA:1,1
DA:2,1
DA:3,1
DA:9,1
DA:10,25
DA:11,25
DA:12,25
DA:13,25
DA:14,25
DA:15,25
DA:16,25
DA:17,25
DA:18,25
DA:20,25
DA:21,25
DA:22,25
DA:23,25
DA:25,25
DA:26,25
DA:27,25
DA:28,25
DA:29,25
DA:30,25
DA:32,25
DA:33,25
DA:34,25
DA:35,25
DA:36,25
DA:37,25
DA:38,25
DA:39,25
DA:40,25
DA:41,25
DA:42,25
DA:43,25
DA:44,25
DA:45,25
DA:46,25
DA:47,25
DA:48,25
DA:49,25
DA:51,25
DA:53,1
LF:43
LH:43
BRDA:9,0,0,25
BRDA:10,1,0,25
BRDA:12,2,0,18
BRDA:13,3,0,3
BRDA:14,4,0,1
BRDA:15,5,0,1
BRDA:16,6,0,2
BRDA:20,7,0,25
BRF:8
BRH:8
end_of_record
TN:
SF:src/components/StatsPanel.tsx
FN:9,StatsPanel
FN:10,getStatColor
FN:16,getStatIcon
FN:26,StatBar
FNF:4
FNH:4
FNDA:24,StatsPanel
FNDA:96,getStatColor
FNDA:96,getStatIcon
FNDA:96,StatBar
DA:1,1
DA:2,1
DA:3,1
DA:9,1
DA:10,24
DA:11,96
DA:12,96
DA:13,28
DA:14,96
DA:16,24
DA:17,96
DA:18,96
DA:19,96
DA:20,96
DA:21,96
DA:22,96
DA:23,96
DA:24,96
DA:26,24
DA:27,96
DA:28,96
DA:29,96
DA:30,96
DA:31,96
DA:32,96
DA:33,96
DA:34,96
DA:35,96
DA:36,96
DA:37,96
DA:38,96
DA:39,96
DA:40,96
DA:41,96
DA:42,96
DA:45,24
DA:46,24
DA:47,24
DA:48,24
DA:49,24
DA:50,24
DA:51,24
DA:52,24
DA:53,24
DA:54,24
DA:56,24
DA:58,1
LF:47
LH:47
BRDA:9,0,0,24
BRDA:10,1,0,96
BRDA:11,2,0,68
BRDA:11,3,0,38
BRDA:11,4,0,58
BRDA:12,5,0,54
BRDA:12,6,0,30
BRDA:12,7,0,28
BRDA:16,8,0,96
BRDA:18,9,0,24
BRDA:19,10,0,24
BRDA:20,11,0,24
BRDA:21,12,0,24
BRDA:22,13,0,0
BRDA:26,14,0,96
BRF:15
BRH:14
end_of_record
TN:
SF:src/types/Pet.ts
FNF:0
FNH:0
DA:18,1
DA:19,1
DA:20,1
DA:21,1
DA:22,1
DA:23,1
DA:24,1
DA:25,1
DA:26,1
DA:27,1
DA:28,1
DA:29,1
DA:30,1
LF:13
LH:13
BRF:0
BRH:0
end_of_record
