TN:
SF:eslint.config.js
FN:1,(empty-report)
FNF:1
FNH:0
FNDA:0,(empty-report)
DA:1,0
DA:2,0
DA:3,0
DA:4,0
DA:5,0
DA:7,0
DA:8,0
DA:9,0
DA:10,0
DA:11,0
DA:12,0
DA:13,0
DA:14,0
DA:15,0
DA:16,0
DA:17,0
DA:18,0
DA:19,0
DA:20,0
DA:21,0
DA:22,0
DA:23,0
DA:24,0
DA:25,0
DA:26,0
DA:27,0
DA:28,0
LF:27
LH:0
BRDA:1,0,0,0
BRF:1
BRH:0
end_of_record
TN:
SF:src/App.tsx
FN:11,App
FN:18,calculateLevelUp
FN:47,handleFeed
FN:78,handlePlay
FN:109,handleRest
FNF:5
FNH:5
FNDA:14,App
FNDA:3,calculateLevelUp
FNDA:1,handleFeed
FNDA:1,handlePlay
FNDA:1,handleRest
DA:1,1
DA:3,1
DA:4,1
DA:5,1
DA:6,1
DA:7,1
DA:8,1
DA:9,1
DA:11,14
DA:12,14
DA:15,14
DA:18,14
DA:19,3
DA:20,3
DA:21,3
DA:24,3
DA:25,0
DA:26,0
DA:28,0
DA:29,0
DA:30,0
DA:32,3
DA:33,3
DA:36,14
DA:37,14
DA:38,14
DA:39,14
DA:40,14
DA:41,14
DA:42,14
DA:43,14
DA:44,14
DA:47,14
DA:48,1
DA:50,1
DA:51,1
DA:52,1
DA:53,1
DA:54,1
DA:57,1
DA:58,1
DA:61,1
DA:62,1
DA:63,1
DA:64,1
DA:65,1
DA:66,1
DA:68,1
DA:69,1
DA:70,1
DA:71,1
DA:72,1
DA:73,1
DA:74,1
DA:75,1
DA:76,1
DA:78,14
DA:79,1
DA:81,1
DA:82,1
DA:83,1
DA:84,1
DA:85,1
DA:88,1
DA:89,1
DA:92,1
DA:93,1
DA:94,1
DA:95,1
DA:96,1
DA:97,1
DA:99,1
DA:100,1
DA:101,1
DA:102,1
DA:103,1
DA:104,1
DA:105,1
DA:106,1
DA:107,1
DA:109,14
DA:110,1
DA:112,1
DA:113,1
DA:114,1
DA:115,1
DA:116,1
DA:119,1
DA:120,1
DA:123,1
DA:124,1
DA:125,1
DA:126,1
DA:127,1
DA:128,1
DA:130,1
DA:131,1
DA:132,1
DA:133,1
DA:134,1
DA:135,1
DA:136,1
DA:137,1
DA:138,1
DA:141,14
DA:142,14
DA:143,14
DA:145,14
DA:146,0
DA:147,0
DA:149,14
DA:150,14
DA:152,14
DA:153,3
DA:154,3
DA:155,14
DA:157,14
DA:158,14
DA:159,14
DA:160,14
DA:161,14
DA:163,14
DA:164,14
DA:165,14
DA:166,14
DA:167,14
DA:169,14
DA:170,14
DA:171,14
DA:172,14
DA:173,14
DA:174,14
DA:175,14
DA:176,14
DA:177,14
DA:178,14
DA:180,14
DA:182,1
LF:138
LH:131
BRDA:11,0,0,14
BRDA:18,1,0,3
BRDA:24,2,0,0
BRDA:47,3,0,1
BRDA:48,4,0,1
BRDA:57,5,0,0
BRDA:78,6,0,1
BRDA:79,7,0,1
BRDA:88,8,0,0
BRDA:109,9,0,1
BRDA:110,10,0,1
BRDA:119,11,0,0
BRDA:141,12,0,14
BRDA:145,13,0,0
BRDA:149,14,0,0
BRDA:150,15,0,4
BRDA:150,16,0,2
BRDA:152,17,0,3
BRDA:153,18,0,3
BRF:19
BRH:13
end_of_record
TN:
SF:src/main.tsx
FN:1,(empty-report)
FNF:1
FNH:0
FNDA:0,(empty-report)
DA:1,0
DA:2,0
DA:3,0
DA:4,0
DA:6,0
DA:7,0
DA:8,0
DA:9,0
DA:10,0
LF:9
LH:0
BRDA:1,0,0,0
BRF:1
BRH:0
end_of_record
TN:
SF:src/vite-env.d.ts
FN:1,(empty-report)
FNF:1
FNH:1
FNDA:1,(empty-report)
LF:0
LH:0
BRDA:1,0,0,1
BRF:1
BRH:1
end_of_record
TN:
SF:src/components/ActionButtons.tsx
FN:11,ActionButtons
FNF:1
FNH:1
FNDA:26,ActionButtons
DA:1,1
DA:2,1
DA:11,1
DA:12,26
DA:13,26
DA:14,26
DA:15,26
DA:16,26
DA:17,26
DA:18,26
DA:19,26
DA:20,26
DA:21,26
DA:22,26
DA:23,26
DA:24,26
DA:25,26
DA:26,26
DA:27,26
DA:28,26
DA:29,26
DA:30,26
DA:31,26
DA:32,26
DA:33,26
DA:34,26
DA:35,26
DA:36,26
DA:37,26
DA:39,26
DA:40,26
DA:41,26
DA:42,26
DA:43,26
DA:44,78
DA:45,78
DA:46,78
DA:47,78
DA:48,78
DA:49,78
DA:50,78
DA:52,78
DA:53,78
DA:54,78
DA:55,26
DA:56,26
DA:57,26
DA:59,26
DA:61,1
LF:49
LH:49
BRDA:11,0,0,26
BRDA:43,1,0,78
BRF:2
BRH:2
end_of_record
TN:
SF:src/components/PetDisplay.tsx
FN:9,PetDisplay
FN:10,getExpressionEmoji
FN:20,getPetBodyColor
FNF:3
FNH:3
FNDA:25,PetDisplay
FNDA:25,getExpressionEmoji
FNDA:25,getPetBodyColor
DA:1,1
DA:3,1
DA:9,1
DA:10,25
DA:11,25
DA:12,25
DA:13,25
DA:14,25
DA:15,25
DA:16,25
DA:17,25
DA:18,25
DA:20,25
DA:21,25
DA:22,25
DA:23,25
DA:25,25
DA:26,25
DA:27,25
DA:28,25
DA:29,25
DA:30,25
DA:32,25
DA:33,25
DA:34,25
DA:35,25
DA:36,25
DA:37,25
DA:38,25
DA:39,25
DA:40,25
DA:41,25
DA:42,25
DA:43,25
DA:44,25
DA:45,25
DA:46,25
DA:47,25
DA:48,25
DA:49,25
DA:51,25
DA:53,1
LF:42
LH:42
BRDA:9,0,0,25
BRDA:10,1,0,25
BRDA:12,2,0,18
BRDA:13,3,0,3
BRDA:14,4,0,1
BRDA:15,5,0,1
BRDA:16,6,0,2
BRDA:20,7,0,25
BRF:8
BRH:8
end_of_record
TN:
SF:src/components/StatsPanel.tsx
FN:9,StatsPanel
FN:10,getStatColor
FN:16,getStatIcon
FN:26,StatBar
FNF:4
FNH:4
FNDA:24,StatsPanel
FNDA:96,getStatColor
FNDA:96,getStatIcon
FNDA:96,StatBar
DA:1,1
DA:3,1
DA:9,1
DA:10,24
DA:11,96
DA:12,96
DA:13,28
DA:14,96
DA:16,24
DA:17,96
DA:18,96
DA:19,96
DA:20,96
DA:21,96
DA:22,96
DA:23,96
DA:24,96
DA:26,24
DA:28,96
DA:30,96
DA:31,96
DA:32,96
DA:33,96
DA:34,96
DA:35,96
DA:36,96
DA:37,96
DA:38,96
DA:39,96
DA:40,96
DA:41,96
DA:42,96
DA:43,96
DA:44,96
DA:45,96
DA:46,96
DA:48,96
DA:50,24
DA:51,24
DA:52,24
DA:53,24
DA:54,24
DA:55,24
DA:56,24
DA:57,24
DA:58,24
DA:59,24
DA:61,24
DA:63,1
LF:49
LH:49
BRDA:9,0,0,24
BRDA:10,1,0,96
BRDA:11,2,0,68
BRDA:11,3,0,38
BRDA:11,4,0,58
BRDA:12,5,0,54
BRDA:12,6,0,30
BRDA:12,7,0,28
BRDA:16,8,0,96
BRDA:18,9,0,24
BRDA:19,10,0,24
BRDA:20,11,0,24
BRDA:21,12,0,24
BRDA:22,13,0,0
BRDA:26,14,0,96
BRDA:28,15,0,24
BRDA:28,16,0,72
BRF:17
BRH:16
end_of_record
TN:
SF:src/hooks/usePetProgress.ts
FN:34,usePetProgress
FNF:1
FNH:1
FNDA:30,usePetProgress
DA:1,1
DA:5,1
DA:6,1
DA:7,1
DA:8,1
DA:9,1
DA:10,1
DA:11,1
DA:12,1
DA:13,1
DA:14,1
DA:15,1
DA:16,1
DA:18,1
DA:34,1
DA:35,30
DA:36,30
DA:37,30
DA:39,30
DA:40,30
DA:42,30
DA:43,110
DA:44,110
DA:45,30
DA:47,30
DA:48,44
DA:49,44
DA:50,44
DA:51,30
DA:53,30
DA:54,43
DA:55,43
DA:56,43
DA:58,43
DA:59,43
DA:60,43
DA:61,43
DA:62,43
DA:63,43
DA:64,30
DA:66,30
DA:68,5
DA:69,5
DA:70,5
DA:71,5
DA:73,5
DA:74,5
DA:75,5
DA:76,5
DA:77,5
DA:78,5
DA:79,30
DA:81,30
DA:83,10
DA:86,10
DA:87,10
DA:88,10
DA:91,10
DA:92,5
DA:93,5
DA:96,5
DA:97,5
DA:100,10
DA:101,1
DA:102,1
DA:103,1
DA:106,9
DA:107,9
DA:108,9
DA:109,9
DA:110,9
DA:111,9
DA:113,9
DA:114,30
DA:116,30
DA:117,30
DA:118,30
DA:119,30
DA:120,30
DA:121,30
DA:122,30
LF:81
LH:81
BRDA:34,0,0,30
BRDA:39,1,0,11
BRDA:42,2,0,110
BRDA:43,3,0,0
BRDA:44,4,0,0
BRDA:47,5,0,44
BRDA:48,6,0,0
BRDA:53,7,0,43
BRDA:56,8,0,0
BRDA:66,9,0,5
BRDA:81,10,0,10
BRDA:83,11,0,9
BRDA:83,12,0,1
BRDA:83,13,0,9
BRDA:86,14,0,7
BRDA:91,15,0,13
BRDA:91,16,0,5
BRDA:97,17,0,9
BRDA:100,18,0,1
BRDA:103,19,0,9
BRF:20
BRH:16
end_of_record
TN:
SF:src/hooks/useStatDecay.ts
FN:24,useStatDecay
FNF:1
FNH:1
FNDA:23,useStatDecay
DA:1,1
DA:14,1
DA:15,1
DA:16,1
DA:17,1
DA:18,1
DA:19,1
DA:20,1
DA:21,1
DA:22,1
DA:24,1
DA:25,23
DA:26,23
DA:27,23
DA:28,23
DA:29,23
DA:30,23
DA:32,23
DA:33,20
DA:34,1
DA:35,1
DA:38,20
DA:39,3
DA:40,3
DA:42,19
DA:43,87
DA:44,87
DA:47,87
DA:48,0
DA:49,0
DA:52,87
DA:54,87
DA:55,87
DA:56,87
DA:57,87
DA:58,87
DA:59,87
DA:60,87
DA:61,87
DA:62,87
DA:63,87
DA:64,87
DA:65,87
DA:68,87
DA:69,87
DA:70,87
DA:71,87
DA:72,87
DA:74,87
DA:75,19
DA:77,19
DA:78,19
DA:79,19
DA:80,19
DA:81,19
DA:82,23
DA:83,23
LF:57
LH:55
BRDA:24,0,0,23
BRDA:32,1,0,20
BRDA:33,2,0,1
BRDA:35,3,0,19
BRDA:38,4,0,3
BRDA:40,5,0,19
BRDA:42,6,0,87
BRDA:47,7,0,0
BRDA:77,8,0,19
BRF:9
BRH:8
end_of_record
TN:
SF:src/types/Pet.ts
FNF:0
FNH:0
DA:19,1
DA:20,1
DA:21,1
DA:22,1
DA:23,1
DA:24,1
DA:25,1
DA:26,1
DA:27,1
DA:28,1
DA:29,1
DA:30,1
DA:31,1
DA:32,1
LF:14
LH:14
BRF:0
BRH:0
end_of_record
